<?xml version="1.0" encoding="UTF-8"?>
<!-- Generated by org.testng.reporters.JUnitReportReporter -->
<testsuite skipped="0" hostname="Venkat" name="jcom.jenkinsNew.JenkinsNewCI.AppTest" tests="1" failures="0" timestamp="12 Sep 2018 02:01:25 GMT" time="0.048" errors="0">
  <testcase name="demo" time="0.048" classname="jcom.jenkinsNew.JenkinsNewCI.AppTest"/>
</testsuite> <!-- jcom.jenkinsNew.JenkinsNewCI.AppTest -->
